2016-04-18 17:09:10,254 [Thread-10] ERROR org.eclipse.jgit.util.FS - fatal: Could not switch to '/Applications/Xcode.app/Contents/Developer/usr/etc/': No such file or directory

2016-04-19 08:31:26,624 [Thread-10] ERROR org.eclipse.jgit.util.FS - fatal: Could not switch to '/Applications/Xcode.app/Contents/Developer/usr/etc/': No such file or directory

2016-04-19 09:08:13,262 [Worker-11] INFO  o.e.m.c.i.i.nexus.NexusIndexManager - Updating index for repository: nexus|http://192.168.2.18:8081/nexus/content/groups/public
2016-04-19 09:08:14,185 [Worker-11] INFO  o.e.m.c.i.i.nexus.NexusIndexManager - Updated index for repository: nexus|http://192.168.2.18:8081/nexus/content/groups/public in 927 ms
2016-04-19 09:08:14,185 [Worker-11] INFO  o.e.m.c.i.i.nexus.NexusIndexManager - Updating index for repository: nexus-public-snapshots|http://192.168.2.18:8081/nexus/content/groups/public-snapshots
2016-04-19 09:08:14,265 [Worker-11] ERROR o.e.m.c.i.i.nexus.NexusIndexManager - Unable to update index for nexus-public-snapshots|http://192.168.2.18:8081/nexus/content/groups/public-snapshots: /Users/yuronghao/Documents/source/.cache/m2e/1.6.0/fcebb40dfd4149a4c281ca303d9532af/nexus-maven-repository-index.zip (No such file or directory)
java.io.FileNotFoundException: /Users/yuronghao/Documents/source/.cache/m2e/1.6.0/fcebb40dfd4149a4c281ca303d9532af/nexus-maven-repository-index.zip (No such file or directory)
	at java.io.FileInputStream.open0(Native Method) ~[na:1.8.0_66]
	at java.io.FileInputStream.open(FileInputStream.java:195) ~[na:1.8.0_66]
	at java.io.FileInputStream.<init>(FileInputStream.java:138) ~[na:1.8.0_66]
	at org.apache.maven.index.updater.DefaultIndexUpdater$FileFetcher.retrieve(DefaultIndexUpdater.java:568) ~[indexer-core-3.1.0.jar:3.1.0]
	at org.apache.maven.index.updater.DefaultIndexUpdater.loadIndexDirectory(DefaultIndexUpdater.java:206) ~[indexer-core-3.1.0.jar:3.1.0]
	at org.apache.maven.index.updater.DefaultIndexUpdater.access$300(DefaultIndexUpdater.java:75) ~[indexer-core-3.1.0.jar:3.1.0]
	at org.apache.maven.index.updater.DefaultIndexUpdater$LuceneIndexAdaptor.setIndexFile(DefaultIndexUpdater.java:645) ~[indexer-core-3.1.0.jar:3.1.0]
	at org.apache.maven.index.updater.DefaultIndexUpdater.fetchAndUpdateIndex(DefaultIndexUpdater.java:844) ~[indexer-core-3.1.0.jar:3.1.0]
	at org.apache.maven.index.updater.DefaultIndexUpdater.fetchAndUpdateIndex(DefaultIndexUpdater.java:156) ~[indexer-core-3.1.0.jar:3.1.0]
	at org.eclipse.m2e.core.internal.index.nexus.NexusIndexManager.updateRemoteIndex(NexusIndexManager.java:1251) [org.eclipse.m2e.core_1.6.0.me201602031002.jar:na]
	at org.eclipse.m2e.core.internal.index.nexus.NexusIndexManager.updateIndex(NexusIndexManager.java:1193) [org.eclipse.m2e.core_1.6.0.me201602031002.jar:na]
	at org.eclipse.m2e.core.internal.index.nexus.NexusIndexManager$1.run(NexusIndexManager.java:703) [org.eclipse.m2e.core_1.6.0.me201602031002.jar:na]
	at org.eclipse.m2e.core.internal.index.nexus.IndexUpdaterJob.run(IndexUpdaterJob.java:72) [org.eclipse.m2e.core_1.6.0.me201602031002.jar:na]
	at org.eclipse.core.internal.jobs.Worker.run(Worker.java:55) [org.eclipse.core.jobs_3.7.0.v20150330-2103.jar:na]
2016-04-19 09:37:37,387 [Worker-0] INFO  o.e.m.c.i.i.nexus.NexusIndexManager - Updating index for repository: nexus|http://192.168.2.18:8081/nexus/content/groups/public
2016-04-19 09:37:38,200 [Worker-0] INFO  o.e.m.c.i.i.nexus.NexusIndexManager - Updated index for repository: nexus|http://192.168.2.18:8081/nexus/content/groups/public in 827 ms
2016-04-19 09:37:38,200 [Worker-0] INFO  o.e.m.c.i.i.nexus.NexusIndexManager - Updating index for repository: nexus-public-snapshots|http://192.168.2.18:8081/nexus/content/groups/public-snapshots
2016-04-19 09:37:38,267 [Worker-0] ERROR o.e.m.c.i.i.nexus.NexusIndexManager - Unable to update index for nexus-public-snapshots|http://192.168.2.18:8081/nexus/content/groups/public-snapshots: /Users/yuronghao/Documents/source/.cache/m2e/1.6.0/fcebb40dfd4149a4c281ca303d9532af/nexus-maven-repository-index.zip (No such file or directory)
java.io.FileNotFoundException: /Users/yuronghao/Documents/source/.cache/m2e/1.6.0/fcebb40dfd4149a4c281ca303d9532af/nexus-maven-repository-index.zip (No such file or directory)
	at java.io.FileInputStream.open0(Native Method) ~[na:1.8.0_66]
	at java.io.FileInputStream.open(FileInputStream.java:195) ~[na:1.8.0_66]
	at java.io.FileInputStream.<init>(FileInputStream.java:138) ~[na:1.8.0_66]
	at org.apache.maven.index.updater.DefaultIndexUpdater$FileFetcher.retrieve(DefaultIndexUpdater.java:568) ~[indexer-core-3.1.0.jar:3.1.0]
	at org.apache.maven.index.updater.DefaultIndexUpdater.loadIndexDirectory(DefaultIndexUpdater.java:206) ~[indexer-core-3.1.0.jar:3.1.0]
	at org.apache.maven.index.updater.DefaultIndexUpdater.access$300(DefaultIndexUpdater.java:75) ~[indexer-core-3.1.0.jar:3.1.0]
	at org.apache.maven.index.updater.DefaultIndexUpdater$LuceneIndexAdaptor.setIndexFile(DefaultIndexUpdater.java:645) ~[indexer-core-3.1.0.jar:3.1.0]
	at org.apache.maven.index.updater.DefaultIndexUpdater.fetchAndUpdateIndex(DefaultIndexUpdater.java:844) ~[indexer-core-3.1.0.jar:3.1.0]
	at org.apache.maven.index.updater.DefaultIndexUpdater.fetchAndUpdateIndex(DefaultIndexUpdater.java:156) ~[indexer-core-3.1.0.jar:3.1.0]
	at org.eclipse.m2e.core.internal.index.nexus.NexusIndexManager.updateRemoteIndex(NexusIndexManager.java:1251) [org.eclipse.m2e.core_1.6.0.me201602031002.jar:na]
	at org.eclipse.m2e.core.internal.index.nexus.NexusIndexManager.updateIndex(NexusIndexManager.java:1193) [org.eclipse.m2e.core_1.6.0.me201602031002.jar:na]
	at org.eclipse.m2e.core.internal.index.nexus.NexusIndexManager$1.run(NexusIndexManager.java:703) [org.eclipse.m2e.core_1.6.0.me201602031002.jar:na]
	at org.eclipse.m2e.core.internal.index.nexus.IndexUpdaterJob.run(IndexUpdaterJob.java:72) [org.eclipse.m2e.core_1.6.0.me201602031002.jar:na]
	at org.eclipse.core.internal.jobs.Worker.run(Worker.java:55) [org.eclipse.core.jobs_3.7.0.v20150330-2103.jar:na]
2016-04-19 09:39:34,730 [Worker-15] INFO  o.e.m.c.i.i.nexus.NexusIndexManager - Updating index for repository: nexus|http://192.168.2.18:8081/nexus/content/groups/public
2016-04-19 09:39:35,600 [Worker-15] INFO  o.e.m.c.i.i.nexus.NexusIndexManager - Updated index for repository: nexus|http://192.168.2.18:8081/nexus/content/groups/public in 871 ms
2016-04-19 09:39:35,600 [Worker-15] INFO  o.e.m.c.i.i.nexus.NexusIndexManager - Updating index for repository: nexus-public-snapshots|http://192.168.2.18:8081/nexus/content/groups/public-snapshots
2016-04-19 09:39:35,661 [Worker-15] ERROR o.e.m.c.i.i.nexus.NexusIndexManager - Unable to update index for nexus-public-snapshots|http://192.168.2.18:8081/nexus/content/groups/public-snapshots: /Users/yuronghao/Documents/source/.cache/m2e/1.6.0/fcebb40dfd4149a4c281ca303d9532af/nexus-maven-repository-index.zip (No such file or directory)
java.io.FileNotFoundException: /Users/yuronghao/Documents/source/.cache/m2e/1.6.0/fcebb40dfd4149a4c281ca303d9532af/nexus-maven-repository-index.zip (No such file or directory)
	at java.io.FileInputStream.open0(Native Method) ~[na:1.8.0_66]
	at java.io.FileInputStream.open(FileInputStream.java:195) ~[na:1.8.0_66]
	at java.io.FileInputStream.<init>(FileInputStream.java:138) ~[na:1.8.0_66]
	at org.apache.maven.index.updater.DefaultIndexUpdater$FileFetcher.retrieve(DefaultIndexUpdater.java:568) ~[indexer-core-3.1.0.jar:3.1.0]
	at org.apache.maven.index.updater.DefaultIndexUpdater.loadIndexDirectory(DefaultIndexUpdater.java:206) ~[indexer-core-3.1.0.jar:3.1.0]
	at org.apache.maven.index.updater.DefaultIndexUpdater.access$300(DefaultIndexUpdater.java:75) ~[indexer-core-3.1.0.jar:3.1.0]
	at org.apache.maven.index.updater.DefaultIndexUpdater$LuceneIndexAdaptor.setIndexFile(DefaultIndexUpdater.java:645) ~[indexer-core-3.1.0.jar:3.1.0]
	at org.apache.maven.index.updater.DefaultIndexUpdater.fetchAndUpdateIndex(DefaultIndexUpdater.java:844) ~[indexer-core-3.1.0.jar:3.1.0]
	at org.apache.maven.index.updater.DefaultIndexUpdater.fetchAndUpdateIndex(DefaultIndexUpdater.java:156) ~[indexer-core-3.1.0.jar:3.1.0]
	at org.eclipse.m2e.core.internal.index.nexus.NexusIndexManager.updateRemoteIndex(NexusIndexManager.java:1251) [org.eclipse.m2e.core_1.6.0.me201602031002.jar:na]
	at org.eclipse.m2e.core.internal.index.nexus.NexusIndexManager.updateIndex(NexusIndexManager.java:1193) [org.eclipse.m2e.core_1.6.0.me201602031002.jar:na]
	at org.eclipse.m2e.core.internal.index.nexus.NexusIndexManager$1.run(NexusIndexManager.java:703) [org.eclipse.m2e.core_1.6.0.me201602031002.jar:na]
	at org.eclipse.m2e.core.internal.index.nexus.IndexUpdaterJob.run(IndexUpdaterJob.java:72) [org.eclipse.m2e.core_1.6.0.me201602031002.jar:na]
	at org.eclipse.core.internal.jobs.Worker.run(Worker.java:55) [org.eclipse.core.jobs_3.7.0.v20150330-2103.jar:na]
2016-04-19 09:42:28,958 [Worker-5] INFO  o.e.m.c.i.i.nexus.NexusIndexManager - Updating index for repository: nexus|http://192.168.2.18:8081/nexus/content/groups/public
2016-04-19 09:42:29,883 [Worker-5] INFO  o.e.m.c.i.i.nexus.NexusIndexManager - Updated index for repository: nexus|http://192.168.2.18:8081/nexus/content/groups/public in 929 ms
2016-04-19 09:42:29,883 [Worker-5] INFO  o.e.m.c.i.i.nexus.NexusIndexManager - Updating index for repository: nexus-public-snapshots|http://192.168.2.18:8081/nexus/content/groups/public-snapshots
2016-04-19 09:42:29,946 [Worker-5] ERROR o.e.m.c.i.i.nexus.NexusIndexManager - Unable to update index for nexus-public-snapshots|http://192.168.2.18:8081/nexus/content/groups/public-snapshots: /Users/yuronghao/Documents/source/.cache/m2e/1.6.0/fcebb40dfd4149a4c281ca303d9532af/nexus-maven-repository-index.zip (No such file or directory)
java.io.FileNotFoundException: /Users/yuronghao/Documents/source/.cache/m2e/1.6.0/fcebb40dfd4149a4c281ca303d9532af/nexus-maven-repository-index.zip (No such file or directory)
	at java.io.FileInputStream.open0(Native Method) ~[na:1.8.0_66]
	at java.io.FileInputStream.open(FileInputStream.java:195) ~[na:1.8.0_66]
	at java.io.FileInputStream.<init>(FileInputStream.java:138) ~[na:1.8.0_66]
	at org.apache.maven.index.updater.DefaultIndexUpdater$FileFetcher.retrieve(DefaultIndexUpdater.java:568) ~[indexer-core-3.1.0.jar:3.1.0]
	at org.apache.maven.index.updater.DefaultIndexUpdater.loadIndexDirectory(DefaultIndexUpdater.java:206) ~[indexer-core-3.1.0.jar:3.1.0]
	at org.apache.maven.index.updater.DefaultIndexUpdater.access$300(DefaultIndexUpdater.java:75) ~[indexer-core-3.1.0.jar:3.1.0]
	at org.apache.maven.index.updater.DefaultIndexUpdater$LuceneIndexAdaptor.setIndexFile(DefaultIndexUpdater.java:645) ~[indexer-core-3.1.0.jar:3.1.0]
	at org.apache.maven.index.updater.DefaultIndexUpdater.fetchAndUpdateIndex(DefaultIndexUpdater.java:844) ~[indexer-core-3.1.0.jar:3.1.0]
	at org.apache.maven.index.updater.DefaultIndexUpdater.fetchAndUpdateIndex(DefaultIndexUpdater.java:156) ~[indexer-core-3.1.0.jar:3.1.0]
	at org.eclipse.m2e.core.internal.index.nexus.NexusIndexManager.updateRemoteIndex(NexusIndexManager.java:1251) [org.eclipse.m2e.core_1.6.0.me201602031002.jar:na]
	at org.eclipse.m2e.core.internal.index.nexus.NexusIndexManager.updateIndex(NexusIndexManager.java:1193) [org.eclipse.m2e.core_1.6.0.me201602031002.jar:na]
	at org.eclipse.m2e.core.internal.index.nexus.NexusIndexManager$1.run(NexusIndexManager.java:703) [org.eclipse.m2e.core_1.6.0.me201602031002.jar:na]
	at org.eclipse.m2e.core.internal.index.nexus.IndexUpdaterJob.run(IndexUpdaterJob.java:72) [org.eclipse.m2e.core_1.6.0.me201602031002.jar:na]
	at org.eclipse.core.internal.jobs.Worker.run(Worker.java:55) [org.eclipse.core.jobs_3.7.0.v20150330-2103.jar:na]
2016-04-20 11:14:33,127 [Thread-7] ERROR org.eclipse.jgit.util.FS - fatal: Could not switch to '/Applications/Xcode.app/Contents/Developer/usr/etc/': No such file or directory

2016-04-20 13:10:59,680 [Thread-11] ERROR org.eclipse.jgit.util.FS - fatal: Could not switch to '/Applications/Xcode.app/Contents/Developer/usr/etc/': No such file or directory

